Added Component: Designator=C1(tu hoa 8mm)
Add component (AddParameter): Name = "Chung_Loai"; Value = "Cắm"; VariantName = "[No Variations]"
Add component (AddParameter): Name = "Don_Vi"; Value = "Con"; VariantName = "[No Variations]"
Add component (AddParameter): Name = "Kieu_Chan"; Value = ""; VariantName = "[No Variations]"
Add component (AddParameter): Name = "Ma_Hang"; Value = "MH 470uF 25V"; VariantName = "[No Variations]"
Add component (AddParameter): Name = "So_Chan"; Value = "2"; VariantName = "[No Variations]"
Add component (AddParameter): Name = "Ten_Linh_Kien"; Value = "Tụ Hóa 470uF 25V"; VariantName = "[No Variations]"
Added Component: Designator=C2(tu gom)
Add component (AddParameter): Name = "Chung_Loai"; Value = "Cắm"; VariantName = "[No Variations]"
Add component (AddParameter): Name = "Don_Vi"; Value = "Con"; VariantName = "[No Variations]"
Add component (AddParameter): Name = "Kieu_Chan"; Value = ""; VariantName = "[No Variations]"
Add component (AddParameter): Name = "Ma_Hang"; Value = "MH004761"; VariantName = "[No Variations]"
Add component (AddParameter): Name = "So_Chan"; Value = "2"; VariantName = "[No Variations]"
Add component (AddParameter): Name = "Ten_Linh_Kien"; Value = "Tụ gốm 104 100nF 50V"; VariantName = "[No Variations]"
Added Component: Designator=D1(DIODE 1A)
Add component (AddParameter): Name = "Chung_Loai"; Value = "Cắm"; VariantName = "[No Variations]"
Add component (AddParameter): Name = "Don_Vi"; Value = "Con"; VariantName = "[No Variations]"
Add component (AddParameter): Name = "Ghi Chu"; Value = ""; VariantName = "[No Variations]"
Add component (AddParameter): Name = "Kieu_Chan"; Value = ""; VariantName = "[No Variations]"
Add component (AddParameter): Name = "Ma_Hang"; Value = "MH001063"; VariantName = "[No Variations]"
Add component (AddParameter): Name = "Ten_Linh_Kien"; Value = "Diode 1N4007 1A (DIP)"; VariantName = "[No Variations]"
Added Component: Designator=D2(DIODE 1A)
Add component (AddParameter): Name = "Chung_Loai"; Value = "Cắm"; VariantName = "[No Variations]"
Add component (AddParameter): Name = "Don_Vi"; Value = "Con"; VariantName = "[No Variations]"
Add component (AddParameter): Name = "Ghi Chu"; Value = ""; VariantName = "[No Variations]"
Add component (AddParameter): Name = "Kieu_Chan"; Value = ""; VariantName = "[No Variations]"
Add component (AddParameter): Name = "Ma_Hang"; Value = "MH001063"; VariantName = "[No Variations]"
Add component (AddParameter): Name = "Ten_Linh_Kien"; Value = "Diode 1N4007 1A (DIP)"; VariantName = "[No Variations]"
Added Component: Designator=D3(DIODE 1A)
Add component (AddParameter): Name = "Chung_Loai"; Value = "Cắm"; VariantName = "[No Variations]"
Add component (AddParameter): Name = "Don_Vi"; Value = "Con"; VariantName = "[No Variations]"
Add component (AddParameter): Name = "Ghi Chu"; Value = ""; VariantName = "[No Variations]"
Add component (AddParameter): Name = "Kieu_Chan"; Value = ""; VariantName = "[No Variations]"
Add component (AddParameter): Name = "Ma_Hang"; Value = "MH001063"; VariantName = "[No Variations]"
Add component (AddParameter): Name = "Ten_Linh_Kien"; Value = "Diode 1N4007 1A (DIP)"; VariantName = "[No Variations]"
Added Component: Designator=D4(DIODE 1A)
Add component (AddParameter): Name = "Chung_Loai"; Value = "Cắm"; VariantName = "[No Variations]"
Add component (AddParameter): Name = "Don_Vi"; Value = "Con"; VariantName = "[No Variations]"
Add component (AddParameter): Name = "Ghi Chu"; Value = ""; VariantName = "[No Variations]"
Add component (AddParameter): Name = "Kieu_Chan"; Value = ""; VariantName = "[No Variations]"
Add component (AddParameter): Name = "Ma_Hang"; Value = "MH001063"; VariantName = "[No Variations]"
Add component (AddParameter): Name = "Ten_Linh_Kien"; Value = "Diode 1N4007 1A (DIP)"; VariantName = "[No Variations]"
Added Component: Designator=H1(XH2.54M-4)
Add component (AddParameter): Name = "Chung_Loai"; Value = "Cắm"; VariantName = "[No Variations]"
Add component (AddParameter): Name = "Don_Vi"; Value = "Con"; VariantName = "[No Variations]"
Add component (AddParameter): Name = "Ghi_Chu"; Value = ""; VariantName = "[No Variations]"
Add component (AddParameter): Name = "Kieu_Chan"; Value = ""; VariantName = "[No Variations]"
Add component (AddParameter): Name = "Ma_Hang"; Value = "MH001285"; VariantName = "[No Variations]"
Add component (AddParameter): Name = "Ten_Linh_Kien"; Value = "Header 4P XH2.54-4P Đực Thẳng"; VariantName = "[No Variations]"
Added Component: Designator=H2(XH2.54M-6)
Add component (AddParameter): Name = "Chung_Loai"; Value = "Cắm"; VariantName = "[No Variations]"
Add component (AddParameter): Name = "Don_Vi"; Value = "Con"; VariantName = "[No Variations]"
Add component (AddParameter): Name = "Ghi_Chu"; Value = ""; VariantName = "[No Variations]"
Add component (AddParameter): Name = "Kieu_Chan"; Value = ""; VariantName = "[No Variations]"
Add component (AddParameter): Name = "Ma_Hang"; Value = "MH001972"; VariantName = "[No Variations]"
Add component (AddParameter): Name = "Ten_Linh_Kien"; Value = "Header 6P XH2.54-6P Đực Thẳng"; VariantName = "[No Variations]"
Added Component: Designator=H3(XH2.54M-6)
Add component (AddParameter): Name = "Chung_Loai"; Value = "Cắm"; VariantName = "[No Variations]"
Add component (AddParameter): Name = "Don_Vi"; Value = "Con"; VariantName = "[No Variations]"
Add component (AddParameter): Name = "Ghi_Chu"; Value = ""; VariantName = "[No Variations]"
Add component (AddParameter): Name = "Kieu_Chan"; Value = ""; VariantName = "[No Variations]"
Add component (AddParameter): Name = "Ma_Hang"; Value = "MH001972"; VariantName = "[No Variations]"
Add component (AddParameter): Name = "Ten_Linh_Kien"; Value = "Header 6P XH2.54-6P Đực Thẳng"; VariantName = "[No Variations]"
Added Component: Designator=H4(XH2.54M-4)
Add component (AddParameter): Name = "Chung_Loai"; Value = "Cắm"; VariantName = "[No Variations]"
Add component (AddParameter): Name = "Don_Vi"; Value = "Con"; VariantName = "[No Variations]"
Add component (AddParameter): Name = "Ghi_Chu"; Value = ""; VariantName = "[No Variations]"
Add component (AddParameter): Name = "Kieu_Chan"; Value = ""; VariantName = "[No Variations]"
Add component (AddParameter): Name = "Ma_Hang"; Value = "MH001285"; VariantName = "[No Variations]"
Add component (AddParameter): Name = "Ten_Linh_Kien"; Value = "Header 4P XH2.54-4P Đực Thẳng"; VariantName = "[No Variations]"
Added Component: Designator=J1(AMASS_XT60-M)
Add component (AddParameter): Name = "Check_prices"; Value = "https://www.snapeda.com/parts/XT60-M/AMASS/view-part/?ref=eda"; VariantName = "[No Variations]"
Add component (AddParameter): Name = "MF"; Value = "AMASS"; VariantName = "[No Variations]"
Add component (AddParameter): Name = "MP"; Value = "XT60-M"; VariantName = "[No Variations]"
Add component (AddParameter): Name = "Package"; Value = "Package"; VariantName = "[No Variations]"
Add component (AddParameter): Name = "SnapEDA_Link"; Value = "https://www.snapeda.com/parts/XT60-M/AMASS/view-part/?ref=snap"; VariantName = "[No Variations]"
Add component (AddParameter): Name = "Value"; Value = ""; VariantName = "[No Variations]"
Added Component: Designator=J2(AMASS_XT60-M)
Add component (AddParameter): Name = "Check_prices"; Value = "https://www.snapeda.com/parts/XT60-M/AMASS/view-part/?ref=eda"; VariantName = "[No Variations]"
Add component (AddParameter): Name = "MF"; Value = "AMASS"; VariantName = "[No Variations]"
Add component (AddParameter): Name = "MP"; Value = "XT60-M"; VariantName = "[No Variations]"
Add component (AddParameter): Name = "Package"; Value = "Package"; VariantName = "[No Variations]"
Add component (AddParameter): Name = "SnapEDA_Link"; Value = "https://www.snapeda.com/parts/XT60-M/AMASS/view-part/?ref=snap"; VariantName = "[No Variations]"
Add component (AddParameter): Name = "Value"; Value = ""; VariantName = "[No Variations]"
Added Component: Designator=JP1(JP 1x8 DT)
Add component (AddParameter): Name = "Chung_Loai"; Value = "Cắm"; VariantName = "[No Variations]"
Add component (AddParameter): Name = "Don_Vi"; Value = "Con"; VariantName = "[No Variations]"
Add component (AddParameter): Name = "Ghi_Chu"; Value = ""; VariantName = "[No Variations]"
Add component (AddParameter): Name = "Kieu_Chan"; Value = ""; VariantName = "[No Variations]"
Add component (AddParameter): Name = "Ma_Hang"; Value = "MH000903"; VariantName = "[No Variations]"
Add component (AddParameter): Name = "Ten_Linh_Kien"; Value = "Jump Đơn Đực 2.54MM 1x40P Thẳng 11MM"; VariantName = "[No Variations]"
Added Component: Designator=KF1(Con 2 KF301 5.08)
Add component (AddParameter): Name = "Chung_Loai"; Value = "Cắm"; VariantName = "[No Variations]"
Add component (AddParameter): Name = "Don_Vi"; Value = "Con"; VariantName = "[No Variations]"
Add component (AddParameter): Name = "Ghi_Chu"; Value = ""; VariantName = "[No Variations]"
Add component (AddParameter): Name = "Kieu_Chan"; Value = ""; VariantName = "[No Variations]"
Add component (AddParameter): Name = "Ma_Hang"; Value = "MH000987"; VariantName = "[No Variations]"
Add component (AddParameter): Name = "Ten_Linh_Kien"; Value = "CON 2 KF301-2P 5.08MM Xanh Dương"; VariantName = "[No Variations]"
Added Component: Designator=KF2(Con 2 KF301 5.08)
Add component (AddParameter): Name = "Chung_Loai"; Value = "Cắm"; VariantName = "[No Variations]"
Add component (AddParameter): Name = "Don_Vi"; Value = "Con"; VariantName = "[No Variations]"
Add component (AddParameter): Name = "Ghi_Chu"; Value = ""; VariantName = "[No Variations]"
Add component (AddParameter): Name = "Kieu_Chan"; Value = ""; VariantName = "[No Variations]"
Add component (AddParameter): Name = "Ma_Hang"; Value = "MH000987"; VariantName = "[No Variations]"
Add component (AddParameter): Name = "Ten_Linh_Kien"; Value = "CON 2 KF301-2P 5.08MM Xanh Dương"; VariantName = "[No Variations]"
Added Component: Designator=L1(BUCK_LM2596)
Added Component: Designator=Q1(TO92)
Add component (AddParameter): Name = "Value"; Value = "C9014"; VariantName = "[No Variations]"
Added Component: Designator=Q2(TO92)
Add component (AddParameter): Name = "Value"; Value = "C9014"; VariantName = "[No Variations]"
Added Component: Designator=R1(tro smd 0805)
Add component (AddParameter): Name = "Chung_Loai"; Value = "Dán"; VariantName = "[No Variations]"
Add component (AddParameter): Name = "Don_Vi"; Value = "Con"; VariantName = "[No Variations]"
Add component (AddParameter): Name = "Kieu_Chan"; Value = ""; VariantName = "[No Variations]"
Add component (AddParameter): Name = "Ma_Hang"; Value = "MH005468"; VariantName = "[No Variations]"
Add component (AddParameter): Name = "So_Chan"; Value = "2"; VariantName = "[No Variations]"
Add component (AddParameter): Name = "Ten_Linh_Kien"; Value = "Trở 0805 1% 1k"; VariantName = "[No Variations]"
Added Component: Designator=R2(tro smd 0805)
Add component (AddParameter): Name = "Chung_Loai"; Value = "Dán"; VariantName = "[No Variations]"
Add component (AddParameter): Name = "Don_Vi"; Value = "Con"; VariantName = "[No Variations]"
Add component (AddParameter): Name = "Kieu_Chan"; Value = ""; VariantName = "[No Variations]"
Add component (AddParameter): Name = "Ma_Hang"; Value = "MH005468"; VariantName = "[No Variations]"
Add component (AddParameter): Name = "So_Chan"; Value = "2"; VariantName = "[No Variations]"
Add component (AddParameter): Name = "Ten_Linh_Kien"; Value = "Trở 0805 1% 1k"; VariantName = "[No Variations]"
Added Component: Designator=RL1(Relay 5 Chan SRD)
Add component (AddParameter): Name = "Ma_Hang"; Value = "MH009374"; VariantName = "[No Variations]"
Add component (AddParameter): Name = "Ten"; Value = "Relay 5V10A SRD-05VDC-SL-C Chính Hãng"; VariantName = "[No Variations]"
Added Component: Designator=RL2(Relay 5 Chan SRD)
Add component (AddParameter): Name = "Ma_Hang"; Value = "MH009374"; VariantName = "[No Variations]"
Add component (AddParameter): Name = "Ten"; Value = "Relay 5V10A SRD-05VDC-SL-C Chính Hãng"; VariantName = "[No Variations]"
Added Component: Designator=STM1(STM32F103 KIT)
Added Component: Designator=USB1(USB A CN DIP)
Add component (AddParameter): Name = "Ma_Hang"; Value = "MH000941"; VariantName = "[No Variations]"
Add component (AddParameter): Name = "Ten"; Value = "USB A Cái DIP"; VariantName = "[No Variations]"
Added Pin To Net: NetName=+5 Pin=C1-1
Added Pin To Net: NetName=+5 Pin=C1-2
Added Pin To Net: NetName=+5 Pin=C2-1
Added Pin To Net: NetName=+5 Pin=C2-2
Added Pin To Net: NetName=+5 Pin=D2-2
Added Pin To Net: NetName=+5 Pin=D4-2
Added Pin To Net: NetName=+5 Pin=H1-4
Added Pin To Net: NetName=+5 Pin=H2-1
Added Pin To Net: NetName=+5 Pin=H2-2
Added Pin To Net: NetName=+5 Pin=H2-3
Added Pin To Net: NetName=+5 Pin=H2-4
Added Pin To Net: NetName=+5 Pin=H3-1
Added Pin To Net: NetName=+5 Pin=H3-2
Added Pin To Net: NetName=+5 Pin=H3-3
Added Pin To Net: NetName=+5 Pin=H3-4
Added Pin To Net: NetName=+5 Pin=H4-3
Added Pin To Net: NetName=+5 Pin=H4-4
Added Pin To Net: NetName=+5 Pin=J1-N
Added Pin To Net: NetName=+5 Pin=J2-N
Added Pin To Net: NetName=+5 Pin=JP1-1
Added Pin To Net: NetName=+5 Pin=JP1-2
Added Pin To Net: NetName=+5 Pin=L1-2
Added Pin To Net: NetName=+5 Pin=L1-3
Added Pin To Net: NetName=+5 Pin=L1-4
Added Pin To Net: NetName=+5 Pin=Q1-1
Added Pin To Net: NetName=+5 Pin=Q2-1
Added Pin To Net: NetName=+5 Pin=RL1-3
Added Pin To Net: NetName=+5 Pin=RL1-5
Added Pin To Net: NetName=+5 Pin=RL2-3
Added Pin To Net: NetName=+5 Pin=RL2-5
Added Pin To Net: NetName=+5 Pin=STM1-18
Added Pin To Net: NetName=+5 Pin=STM1-19
Added Pin To Net: NetName=+5 Pin=USB1-1
Added Pin To Net: NetName=+5 Pin=USB1-4
Added Pin To Net: NetName=+5 Pin=USB1-4
Added Pin To Net: NetName=+5 Pin=USB1-4
Added Net: Name=+5
Added Pin To Net: NetName=+12 Pin=D1-2
Added Pin To Net: NetName=+12 Pin=D3-2
Added Pin To Net: NetName=+12 Pin=J1-P
Added Pin To Net: NetName=+12 Pin=J2-P
Added Pin To Net: NetName=+12 Pin=KF1-2
Added Pin To Net: NetName=+12 Pin=KF2-2
Added Pin To Net: NetName=+12 Pin=L1-1
Added Pin To Net: NetName=+12 Pin=RL1-2
Added Pin To Net: NetName=+12 Pin=RL2-2
Added Net: Name=+12
Added Pin To Net: NetName=LPMW1 Pin=H3-5
Added Pin To Net: NetName=LPMW1 Pin=STM1-31
Added Net: Name=LPMW1
Added Pin To Net: NetName=LPMW2 Pin=H2-5
Added Pin To Net: NetName=LPMW2 Pin=STM1-33
Added Net: Name=LPMW2
Added Pin To Net: NetName=NetD1_1 Pin=D1-1
Added Pin To Net: NetName=NetD1_1 Pin=KF1-1
Added Pin To Net: NetName=NetD1_1 Pin=RL1-1
Added Net: Name=NetD1_1
Added Pin To Net: NetName=NetD2_1 Pin=D2-1
Added Pin To Net: NetName=NetD2_1 Pin=Q1-2
Added Pin To Net: NetName=NetD2_1 Pin=RL1-4
Added Net: Name=NetD2_1
Added Pin To Net: NetName=NetD3_1 Pin=D3-1
Added Pin To Net: NetName=NetD3_1 Pin=KF2-1
Added Pin To Net: NetName=NetD3_1 Pin=RL2-1
Added Net: Name=NetD3_1
Added Pin To Net: NetName=NetD4_1 Pin=D4-1
Added Pin To Net: NetName=NetD4_1 Pin=Q2-2
Added Pin To Net: NetName=NetD4_1 Pin=RL2-4
Added Net: Name=NetD4_1
Added Pin To Net: NetName=NetQ1_3 Pin=Q1-3
Added Pin To Net: NetName=NetQ1_3 Pin=R1-2
Added Net: Name=NetQ1_3
Added Pin To Net: NetName=NetQ2_3 Pin=Q2-3
Added Pin To Net: NetName=NetQ2_3 Pin=R2-2
Added Net: Name=NetQ2_3
Added Pin To Net: NetName=RPMW1 Pin=H3-6
Added Pin To Net: NetName=RPMW1 Pin=STM1-32
Added Net: Name=RPMW1
Added Pin To Net: NetName=RPMW2 Pin=H2-6
Added Pin To Net: NetName=RPMW2 Pin=STM1-34
Added Net: Name=RPMW2
Added Pin To Net: NetName=Rx Pin=H1-3
Added Pin To Net: NetName=Rx Pin=STM1-28
Added Net: Name=Rx
Added Pin To Net: NetName=SCL-MPU Pin=JP1-3
Added Pin To Net: NetName=SCL-MPU Pin=STM1-16
Added Net: Name=SCL-MPU
Added Pin To Net: NetName=SCL-OLed Pin=H4-2
Added Pin To Net: NetName=SCL-OLed Pin=STM1-35
Added Net: Name=SCL-OLed
Added Pin To Net: NetName=SDA-MPU Pin=JP1-4
Added Pin To Net: NetName=SDA-MPU Pin=STM1-17
Added Net: Name=SDA-MPU
Added Pin To Net: NetName=SDA-Oled Pin=H4-1
Added Pin To Net: NetName=SDA-Oled Pin=STM1-36
Added Net: Name=SDA-Oled
Added Pin To Net: NetName=Signal1 Pin=R1-1
Added Pin To Net: NetName=Signal1 Pin=STM1-8
Added Net: Name=Signal1
Added Pin To Net: NetName=Signal2 Pin=R2-1
Added Pin To Net: NetName=Signal2 Pin=STM1-7
Added Net: Name=Signal2
Added Pin To Net: NetName=Tx Pin=H1-2
Added Pin To Net: NetName=Tx Pin=STM1-27
Added Net: Name=Tx
Added Class: Name=Sheet2
Added Room: Name=Sheet2
