Removed Pin From Net: NetName=+5 Pin=C1-1
Removed Pin From Net: NetName=+5 Pin=C1-2
Removed Pin From Net: NetName=+5 Pin=C2-1
Removed Pin From Net: NetName=+5 Pin=C2-2
Removed Pin From Net: NetName=+5 Pin=DC1-1
Removed Pin From Net: NetName=+5 Pin=DC2-1
Removed Pin From Net: NetName=+5 Pin=J1-N
Removed Pin From Net: NetName=+5 Pin=J2-N
Removed Pin From Net: NetName=+5 Pin=L1-2
Removed Pin From Net: NetName=+5 Pin=L1-3
Removed Pin From Net: NetName=+5 Pin=MPU6050-2
Removed Pin From Net: NetName=+5 Pin=OLed-4
Removed Pin From Net: NetName=+5 Pin=Q1-1
Removed Pin From Net: NetName=+5 Pin=Q2-1
Removed Pin From Net: NetName=+5 Pin=RL1-3
Removed Pin From Net: NetName=+5 Pin=RL2-3
Removed Pin From Net: NetName=+5 Pin=STM1-19
Removed Pin From Net: NetName=+5 Pin=UART-4
Removed Pin From Net: NetName=+5 Pin=USB1-4
Removed Pin From Net: NetName=+5 Pin=USB1-4
Removed Pin From Net: NetName=+5 Pin=USB1-4
Removed Member From Class: ClassName=Sheet2 Member=C1
Removed Member From Class: ClassName=Sheet2 Member=C2
Added Pin To Net: NetName=GND Pin=DC1-1
Added Pin To Net: NetName=GND Pin=DC2-1
Added Pin To Net: NetName=GND Pin=J1-N
Added Pin To Net: NetName=GND Pin=J2-N
Added Pin To Net: NetName=GND Pin=L1-2
Added Pin To Net: NetName=GND Pin=L1-3
Added Pin To Net: NetName=GND Pin=MPU6050-2
Added Pin To Net: NetName=GND Pin=OLed-4
Added Pin To Net: NetName=GND Pin=Q1-1
Added Pin To Net: NetName=GND Pin=Q2-1
Added Pin To Net: NetName=GND Pin=RL1-3
Added Pin To Net: NetName=GND Pin=RL2-3
Added Pin To Net: NetName=GND Pin=STM1-19
Added Pin To Net: NetName=GND Pin=UART-4
Added Pin To Net: NetName=GND Pin=USB1-4
Added Pin To Net: NetName=GND Pin=USB1-4
Added Pin To Net: NetName=GND Pin=USB1-4
Added Net: Name=GND
Added Room: Name=Sheet2
